This file contains any messages produced by compilers while
running configure, to aid debugging if configure makes a mistake.

It was created by jq configure , which was
generated by GNU Autoconf 2.71.  Invocation command line was

  $ ./configure CFLAGS=-fPIC --disable-maintainer-mode --enable-all-static --disable-shared --with-oniguruma=/home/dwhitfield/DEV/encryption-core/pyjq-2.6.0/dependencies/onig_install --prefix /home/dwhitfield/DEV/encryption-core/pyjq-2.6.0/dependencies/jq_install

## --------- ##
## Platform. ##
## --------- ##

hostname = darrion-aspires7392
uname -m = x86_64
uname -r = 5.15.76-1-MANJARO
uname -s = Linux
uname -v = #1 SMP PREEMPT Sat Oct 29 14:22:16 UTC 2022

/usr/bin/uname -p = unknown
/bin/uname -X     = unknown

/bin/arch              = unknown
/usr/bin/arch -k       = unknown
/usr/convex/getsysinfo = unknown
/usr/bin/hostinfo      = unknown
/bin/machine           = unknown
/usr/bin/oslevel       = unknown
/bin/universe          = unknown

PATH: /bin/
PATH: /sbin/
PATH: /usr/bin/
PATH: /usr/sbin/
PATH: /usr/local/bin/
PATH: /usr/local/sbin/


## ----------- ##
## Core tests. ##
## ----------- ##

configure:2648: looking for aux files: config.guess config.sub ltmain.sh compile ar-lib missing install-sh
configure:2661:  trying ./config/
configure:2690:   ./config/config.guess found
configure:2690:   ./config/config.sub found
configure:2690:   ./config/ltmain.sh found
configure:2690:   ./config/compile found
configure:2690:   ./config/ar-lib found
configure:2690:   ./config/missing found
configure:2672:   ./config/install-sh found
configure:2948: checking for a BSD-compatible install
configure:3021: result: /bin/install -c
configure:3032: checking whether build environment is sane
configure:3087: result: yes
configure:3246: checking for a race-free mkdir -p
configure:3290: result: /bin/mkdir -p
configure:3297: checking for gawk
configure:3318: found /bin/gawk
configure:3329: result: gawk
configure:3340: checking whether make sets $(MAKE)
configure:3363: result: yes
configure:3393: checking whether make supports nested variables
configure:3411: result: yes
configure:3559: checking whether make supports nested variables
configure:3577: result: yes
configure:3601: checking whether make supports the include directive
configure:3616: make -f confmf.GNU && cat confinc.out
this is the am__doit target
configure:3619: $? = 0
configure:3638: result: yes (GNU style)
configure:3714: checking for gcc
configure:3735: found /bin/gcc
configure:3746: result: gcc
configure:4099: checking for C compiler version
configure:4108: gcc --version >&5
gcc (GCC) 12.2.0
Copyright (C) 2022 Free Software Foundation, Inc.
This is free software; see the source for copying conditions.  There is NO
warranty; not even for MERCHANTABILITY or FITNESS FOR A PARTICULAR PURPOSE.

configure:4119: $? = 0
configure:4108: gcc -v >&5
Using built-in specs.
COLLECT_GCC=gcc
COLLECT_LTO_WRAPPER=/usr/lib/gcc/x86_64-pc-linux-gnu/12.2.0/lto-wrapper
Target: x86_64-pc-linux-gnu
Configured with: /build/gcc/src/gcc/configure --enable-languages=c,c++,ada,fortran,go,lto,objc,obj-c++,d --enable-bootstrap --prefix=/usr --libdir=/usr/lib --libexecdir=/usr/lib --mandir=/usr/share/man --infodir=/usr/share/info --with-bugurl=https://bugs.archlinux.org/ --with-build-config=bootstrap-lto --with-linker-hash-style=gnu --with-system-zlib --enable-__cxa_atexit --enable-cet=auto --enable-checking=release --enable-clocale=gnu --enable-default-pie --enable-default-ssp --enable-gnu-indirect-function --enable-gnu-unique-object --enable-libstdcxx-backtrace --enable-link-serialization=1 --enable-linker-build-id --enable-lto --enable-multilib --enable-plugin --enable-shared --enable-threads=posix --disable-libssp --disable-libstdcxx-pch --disable-werror
Thread model: posix
Supported LTO compression algorithms: zlib zstd
gcc version 12.2.0 (GCC) 
configure:4119: $? = 0
configure:4108: gcc -V >&5
gcc: error: unrecognized command-line option '-V'
gcc: fatal error: no input files
compilation terminated.
configure:4119: $? = 1
configure:4108: gcc -qversion >&5
gcc: error: unrecognized command-line option '-qversion'; did you mean '--version'?
gcc: fatal error: no input files
compilation terminated.
configure:4119: $? = 1
configure:4108: gcc -version >&5
gcc: error: unrecognized command-line option '-version'
gcc: fatal error: no input files
compilation terminated.
configure:4119: $? = 1
configure:4139: checking whether the C compiler works
configure:4161: gcc -fPIC   conftest.c  >&5
configure:4165: $? = 0
configure:4215: result: yes
configure:4218: checking for C compiler default output file name
configure:4220: result: a.out
configure:4226: checking for suffix of executables
configure:4233: gcc -o conftest -fPIC   conftest.c  >&5
configure:4237: $? = 0
configure:4260: result: 
configure:4282: checking whether we are cross compiling
configure:4290: gcc -o conftest -fPIC   conftest.c  >&5
configure:4294: $? = 0
configure:4301: ./conftest
configure:4305: $? = 0
configure:4320: result: no
configure:4325: checking for suffix of object files
configure:4348: gcc -c -fPIC  conftest.c >&5
configure:4352: $? = 0
configure:4374: result: o
configure:4378: checking whether the compiler supports GNU C
configure:4398: gcc -c -fPIC  conftest.c >&5
configure:4398: $? = 0
configure:4408: result: yes
configure:4419: checking whether gcc accepts -g
configure:4440: gcc -c -g  conftest.c >&5
configure:4440: $? = 0
configure:4484: result: yes
configure:4504: checking for gcc option to enable C11 features
configure:4519: gcc  -c -fPIC  conftest.c >&5
configure:4519: $? = 0
configure:4537: result: none needed
configure:4653: checking whether gcc understands -c and -o together
configure:4676: gcc -c conftest.c -o conftest2.o
configure:4679: $? = 0
configure:4676: gcc -c conftest.c -o conftest2.o
configure:4679: $? = 0
configure:4691: result: yes
configure:4710: checking dependency style of gcc
configure:4822: result: gcc3
configure:4893: checking for ar
configure:4914: found /bin/ar
configure:4925: result: ar
configure:4951: checking the archiver (ar) interface
configure:4968: gcc -c -fPIC  conftest.c >&5
configure:4968: $? = 0
configure:4971: ar cru libconftest.a conftest.o >&5
ar: `u' modifier ignored since `D' is the default (see `U')
configure:4974: $? = 0
configure:5002: result: ar
configure:5023: checking whether to enable maintainer-specific portions of Makefiles
configure:5033: result: no
configure:5099: checking for gcc
configure:5131: result: gcc
configure:5484: checking for C compiler version
configure:5493: gcc --version >&5
gcc (GCC) 12.2.0
Copyright (C) 2022 Free Software Foundation, Inc.
This is free software; see the source for copying conditions.  There is NO
warranty; not even for MERCHANTABILITY or FITNESS FOR A PARTICULAR PURPOSE.

configure:5504: $? = 0
configure:5493: gcc -v >&5
Using built-in specs.
COLLECT_GCC=gcc
COLLECT_LTO_WRAPPER=/usr/lib/gcc/x86_64-pc-linux-gnu/12.2.0/lto-wrapper
Target: x86_64-pc-linux-gnu
Configured with: /build/gcc/src/gcc/configure --enable-languages=c,c++,ada,fortran,go,lto,objc,obj-c++,d --enable-bootstrap --prefix=/usr --libdir=/usr/lib --libexecdir=/usr/lib --mandir=/usr/share/man --infodir=/usr/share/info --with-bugurl=https://bugs.archlinux.org/ --with-build-config=bootstrap-lto --with-linker-hash-style=gnu --with-system-zlib --enable-__cxa_atexit --enable-cet=auto --enable-checking=release --enable-clocale=gnu --enable-default-pie --enable-default-ssp --enable-gnu-indirect-function --enable-gnu-unique-object --enable-libstdcxx-backtrace --enable-link-serialization=1 --enable-linker-build-id --enable-lto --enable-multilib --enable-plugin --enable-shared --enable-threads=posix --disable-libssp --disable-libstdcxx-pch --disable-werror
Thread model: posix
Supported LTO compression algorithms: zlib zstd
gcc version 12.2.0 (GCC) 
configure:5504: $? = 0
configure:5493: gcc -V >&5
gcc: error: unrecognized command-line option '-V'
gcc: fatal error: no input files
compilation terminated.
configure:5504: $? = 1
configure:5493: gcc -qversion >&5
gcc: error: unrecognized command-line option '-qversion'; did you mean '--version'?
gcc: fatal error: no input files
compilation terminated.
configure:5504: $? = 1
configure:5493: gcc -version >&5
gcc: error: unrecognized command-line option '-version'
gcc: fatal error: no input files
compilation terminated.
configure:5504: $? = 1
configure:5508: checking whether the compiler supports GNU C
configure:5538: result: yes
configure:5549: checking whether gcc accepts -g
configure:5614: result: yes
configure:5634: checking for gcc option to enable C11 features
configure:5667: result: none needed
configure:5783: checking whether gcc understands -c and -o together
configure:5821: result: yes
configure:5840: checking dependency style of gcc
configure:5952: result: gcc3
configure:5973: checking how to run the C preprocessor
configure:5999: gcc -E  conftest.c
configure:5999: $? = 0
configure:6014: gcc -E  conftest.c
conftest.c:11:10: fatal error: ac_nonexistent.h: No such file or directory
   11 | #include <ac_nonexistent.h>
      |          ^~~~~~~~~~~~~~~~~~
compilation terminated.
configure:6014: $? = 1
configure: failed program was:
| /* confdefs.h */
| #define PACKAGE_NAME "jq"
| #define PACKAGE_TARNAME "jq"
| #define PACKAGE_VERSION ""
| #define PACKAGE_STRING "jq "
| #define PACKAGE_BUGREPORT "https://github.com/stedolan/jq/issues"
| #define PACKAGE_URL "https://stedolan.github.io/jq"
| #define PACKAGE "jq"
| #define VERSION ""
| /* end confdefs.h.  */
| #include <ac_nonexistent.h>
configure:6041: result: gcc -E
configure:6055: gcc -E  conftest.c
configure:6055: $? = 0
configure:6070: gcc -E  conftest.c
conftest.c:11:10: fatal error: ac_nonexistent.h: No such file or directory
   11 | #include <ac_nonexistent.h>
      |          ^~~~~~~~~~~~~~~~~~
compilation terminated.
configure:6070: $? = 1
configure: failed program was:
| /* confdefs.h */
| #define PACKAGE_NAME "jq"
| #define PACKAGE_TARNAME "jq"
| #define PACKAGE_VERSION ""
| #define PACKAGE_STRING "jq "
| #define PACKAGE_BUGREPORT "https://github.com/stedolan/jq/issues"
| #define PACKAGE_URL "https://stedolan.github.io/jq"
| #define PACKAGE "jq"
| #define VERSION ""
| /* end confdefs.h.  */
| #include <ac_nonexistent.h>
configure:6105: checking for bison
configure:6126: found /bin/bison
configure:6137: result: bison -y
configure:6183: checking build system type
configure:6198: result: x86_64-unknown-linux-gnu
configure:6218: checking host system type
configure:6232: result: x86_64-unknown-linux-gnu
configure:6273: checking how to print strings
configure:6300: result: printf
configure:6321: checking for a sed that does not truncate output
configure:6391: result: /bin/sed
configure:6409: checking for grep that handles long lines and -e
configure:6473: result: /bin/grep
configure:6478: checking for egrep
configure:6546: result: /bin/grep -E
configure:6551: checking for fgrep
configure:6619: result: /bin/grep -F
configure:6655: checking for ld used by gcc
configure:6723: result: /bin/ld
configure:6730: checking if the linker (/bin/ld) is GNU ld
configure:6746: result: yes
configure:6758: checking for BSD- or MS-compatible name lister (nm)
configure:6813: result: /bin/nm -B
configure:6953: checking the name lister (/bin/nm -B) interface
configure:6961: gcc -c -fPIC  conftest.c >&5
configure:6964: /bin/nm -B "conftest.o"
configure:6967: output
0000000000000000 B some_variable
configure:6974: result: BSD nm
configure:6977: checking whether ln -s works
configure:6981: result: yes
configure:6989: checking the maximum length of command line arguments
configure:7121: result: 1572864
configure:7169: checking how to convert x86_64-unknown-linux-gnu file names to x86_64-unknown-linux-gnu format
configure:7210: result: func_convert_file_noop
configure:7217: checking how to convert x86_64-unknown-linux-gnu file names to toolchain format
configure:7238: result: func_convert_file_noop
configure:7245: checking for /bin/ld option to reload object files
configure:7253: result: -r
configure:7332: checking for file
configure:7353: found /bin/file
configure:7364: result: file
configure:7440: checking for objdump
configure:7461: found /bin/objdump
configure:7472: result: objdump
configure:7501: checking how to recognize dependent libraries
configure:7702: result: pass_all
configure:7792: checking for dlltool
configure:7827: result: no
configure:7854: checking how to associate runtime and link libraries
configure:7882: result: printf %s\n
configure:8032: checking for archiver @FILE support
configure:8050: gcc -c -fPIC  conftest.c >&5
configure:8050: $? = 0
configure:8054: ar cr libconftest.a @conftest.lst >&5
configure:8057: $? = 0
configure:8062: ar cr libconftest.a @conftest.lst >&5
ar: conftest.o: No such file or directory
configure:8065: $? = 1
configure:8077: result: @
configure:8140: checking for strip
configure:8161: found /bin/strip
configure:8172: result: strip
configure:8249: checking for ranlib
configure:8270: found /bin/ranlib
configure:8281: result: ranlib
configure:8383: checking command to parse /bin/nm -B output from gcc object
configure:8537: gcc -c -fPIC  conftest.c >&5
configure:8540: $? = 0
configure:8544: /bin/nm -B conftest.o \| /bin/sed -n -e 's/^.*[ ]\([ABCDGIRSTW][ABCDGIRSTW]*\)[ ][ ]*\([_A-Za-z][_A-Za-z0-9]*\)$/\1 \2 \2/p' | /bin/sed '/ __gnu_lto/d' \> conftest.nm
configure:8547: $? = 0
configure:8613: gcc -o conftest -fPIC   conftest.c conftstm.o >&5
configure:8616: $? = 0
configure:8654: result: ok
configure:8701: checking for sysroot
configure:8732: result: no
configure:8739: checking for a working dd
configure:8783: result: /bin/dd
configure:8787: checking how to truncate binary pipes
configure:8803: result: /bin/dd bs=4096 count=1
configure:8940: gcc -c -fPIC  conftest.c >&5
configure:8943: $? = 0
configure:9140: checking for mt
configure:9175: result: no
configure:9195: checking if : is a manifest tool
configure:9202: : '-?'
configure:9210: result: no
configure:9935: checking for stdio.h
configure:9935: gcc -c -fPIC  conftest.c >&5
configure:9935: $? = 0
configure:9935: result: yes
configure:9935: checking for stdlib.h
configure:9935: gcc -c -fPIC  conftest.c >&5
configure:9935: $? = 0
configure:9935: result: yes
configure:9935: checking for string.h
configure:9935: gcc -c -fPIC  conftest.c >&5
configure:9935: $? = 0
configure:9935: result: yes
configure:9935: checking for inttypes.h
configure:9935: gcc -c -fPIC  conftest.c >&5
configure:9935: $? = 0
configure:9935: result: yes
configure:9935: checking for stdint.h
configure:9935: gcc -c -fPIC  conftest.c >&5
configure:9935: $? = 0
configure:9935: result: yes
configure:9935: checking for strings.h
configure:9935: gcc -c -fPIC  conftest.c >&5
configure:9935: $? = 0
configure:9935: result: yes
configure:9935: checking for sys/stat.h
configure:9935: gcc -c -fPIC  conftest.c >&5
configure:9935: $? = 0
configure:9935: result: yes
configure:9935: checking for sys/types.h
configure:9935: gcc -c -fPIC  conftest.c >&5
configure:9935: $? = 0
configure:9935: result: yes
configure:9935: checking for unistd.h
configure:9935: gcc -c -fPIC  conftest.c >&5
configure:9935: $? = 0
configure:9935: result: yes
configure:9960: checking for dlfcn.h
configure:9960: gcc -c -fPIC  conftest.c >&5
configure:9960: $? = 0
configure:9960: result: yes
configure:10545: checking for objdir
configure:10561: result: .libs
configure:10825: checking if gcc supports -fno-rtti -fno-exceptions
configure:10844: gcc -c -fPIC  -fno-rtti -fno-exceptions conftest.c >&5
cc1: warning: command-line option '-fno-rtti' is valid for C++/D/ObjC++ but not for C
configure:10848: $? = 0
configure:10861: result: no
configure:11219: checking for gcc option to produce PIC
configure:11227: result: -fPIC -DPIC
configure:11235: checking if gcc PIC flag -fPIC -DPIC works
configure:11254: gcc -c -fPIC  -fPIC -DPIC -DPIC conftest.c >&5
configure:11258: $? = 0
configure:11271: result: yes
configure:11300: checking if gcc static flag -static works
configure:11329: result: yes
configure:11344: checking if gcc supports -c -o file.o
configure:11366: gcc -c -fPIC  -o out/conftest2.o conftest.c >&5
configure:11370: $? = 0
configure:11392: result: yes
configure:11400: checking if gcc supports -c -o file.o
configure:11448: result: yes
configure:11481: checking whether the gcc linker (/bin/ld -m elf_x86_64) supports shared libraries
configure:12749: result: yes
configure:12990: checking dynamic linker characteristics
configure:13572: gcc -o conftest -fPIC   -Wl,-rpath -Wl,/foo conftest.c  >&5
configure:13572: $? = 0
configure:13811: result: GNU/Linux ld.so
configure:13933: checking how to hardcode library paths into programs
configure:13958: result: immediate
configure:14510: checking whether stripping libraries is possible
configure:14519: result: yes
configure:14561: checking if libtool supports shared libraries
configure:14563: result: yes
configure:14566: checking whether to build shared libraries
configure:14591: result: no
configure:14594: checking whether to build static libraries
configure:14598: result: yes
configure:15029: checking for oniguruma.h
configure:15029: gcc -c -fPIC -I/home/dwhitfield/DEV/encryption-core/pyjq-2.6.0/dependencies/onig_install/include  conftest.c >&5
configure:15029: $? = 0
configure:15029: result: yes
configure:15032: checking for onig_version in -lonig
configure:15055: gcc -o conftest -fPIC -I/home/dwhitfield/DEV/encryption-core/pyjq-2.6.0/dependencies/onig_install/include   -L/home/dwhitfield/DEV/encryption-core/pyjq-2.6.0/dependencies/onig_install/lib conftest.c -lonig   >&5
configure:15055: $? = 0
configure:15065: result: yes
configure:15092: checking for valgrind
configure:15127: result: no
configure:15136: WARNING: valgrind is required to test jq.
configure:15139: checking for memmem
configure:15139: gcc -o conftest -fPIC -I/home/dwhitfield/DEV/encryption-core/pyjq-2.6.0/dependencies/onig_install/include   -L/home/dwhitfield/DEV/encryption-core/pyjq-2.6.0/dependencies/onig_install/lib conftest.c  -lonig >&5
configure:15139: $? = 0
configure:15139: result: yes
configure:15146: checking for mkstemp
configure:15146: gcc -o conftest -fPIC -I/home/dwhitfield/DEV/encryption-core/pyjq-2.6.0/dependencies/onig_install/include   -L/home/dwhitfield/DEV/encryption-core/pyjq-2.6.0/dependencies/onig_install/lib conftest.c  -lonig >&5
configure:15146: $? = 0
configure:15146: result: yes
configure:15197: checking for bundle
configure:15218: found /bin/bundle
configure:15229: result: bundle
configure:15241: checking for Ruby dependencies
configure:15252: WARNING: 
configure:15266: result: no
configure:15316: checking for size_t
configure:15316: gcc -c -fPIC -I/home/dwhitfield/DEV/encryption-core/pyjq-2.6.0/dependencies/onig_install/include  conftest.c >&5
configure:15316: $? = 0
configure:15316: gcc -c -fPIC -I/home/dwhitfield/DEV/encryption-core/pyjq-2.6.0/dependencies/onig_install/include  conftest.c >&5
conftest.c: In function 'main':
conftest.c:57:21: error: expected expression before ')' token
   57 | if (sizeof ((size_t)))
      |                     ^
configure:15316: $? = 1
configure: failed program was:
| /* confdefs.h */
| #define PACKAGE_NAME "jq"
| #define PACKAGE_TARNAME "jq"
| #define PACKAGE_VERSION ""
| #define PACKAGE_STRING "jq "
| #define PACKAGE_BUGREPORT "https://github.com/stedolan/jq/issues"
| #define PACKAGE_URL "https://stedolan.github.io/jq"
| #define PACKAGE "jq"
| #define VERSION ""
| #define HAVE_STDIO_H 1
| #define HAVE_STDLIB_H 1
| #define HAVE_STRING_H 1
| #define HAVE_INTTYPES_H 1
| #define HAVE_STDINT_H 1
| #define HAVE_STRINGS_H 1
| #define HAVE_SYS_STAT_H 1
| #define HAVE_SYS_TYPES_H 1
| #define HAVE_UNISTD_H 1
| #define STDC_HEADERS 1
| #define HAVE_DLFCN_H 1
| #define LT_OBJDIR ".libs/"
| #define HAVE_ONIGURUMA 1
| #define HAVE_MEMMEM 1
| #define HAVE_MKSTEMP 1
| /* end confdefs.h.  */
| #include <stddef.h>
| #ifdef HAVE_STDIO_H
| # include <stdio.h>
| #endif
| #ifdef HAVE_STDLIB_H
| # include <stdlib.h>
| #endif
| #ifdef HAVE_STRING_H
| # include <string.h>
| #endif
| #ifdef HAVE_INTTYPES_H
| # include <inttypes.h>
| #endif
| #ifdef HAVE_STDINT_H
| # include <stdint.h>
| #endif
| #ifdef HAVE_STRINGS_H
| # include <strings.h>
| #endif
| #ifdef HAVE_SYS_TYPES_H
| # include <sys/types.h>
| #endif
| #ifdef HAVE_SYS_STAT_H
| # include <sys/stat.h>
| #endif
| #ifdef HAVE_UNISTD_H
| # include <unistd.h>
| #endif
| int
| main (void)
| {
| if (sizeof ((size_t)))
| 	    return 0;
|   ;
|   return 0;
| }
configure:15316: result: yes
configure:15328: checking for working alloca.h
configure:15346: gcc -o conftest -fPIC -I/home/dwhitfield/DEV/encryption-core/pyjq-2.6.0/dependencies/onig_install/include   -L/home/dwhitfield/DEV/encryption-core/pyjq-2.6.0/dependencies/onig_install/lib conftest.c  -lonig >&5
configure:15346: $? = 0
configure:15355: result: yes
configure:15363: checking for alloca
configure:15408: result: yes
configure:15480: checking for isatty
configure:15509: gcc -o conftest -fPIC -I/home/dwhitfield/DEV/encryption-core/pyjq-2.6.0/dependencies/onig_install/include   -L/home/dwhitfield/DEV/encryption-core/pyjq-2.6.0/dependencies/onig_install/lib conftest.c     -lonig >&5
configure:15509: $? = 0
configure:15545: result: yes
configure:15575: checking for _isatty
configure:15604: gcc -o conftest -fPIC -I/home/dwhitfield/DEV/encryption-core/pyjq-2.6.0/dependencies/onig_install/include   -L/home/dwhitfield/DEV/encryption-core/pyjq-2.6.0/dependencies/onig_install/lib conftest.c     -lonig >&5
conftest.c:29:10: fatal error: io.h: No such file or directory
   29 | #include <io.h>
      |          ^~~~~~
compilation terminated.
configure:15604: $? = 1
configure: failed program was:
| /* confdefs.h */
| #define PACKAGE_NAME "jq"
| #define PACKAGE_TARNAME "jq"
| #define PACKAGE_VERSION ""
| #define PACKAGE_STRING "jq "
| #define PACKAGE_BUGREPORT "https://github.com/stedolan/jq/issues"
| #define PACKAGE_URL "https://stedolan.github.io/jq"
| #define PACKAGE "jq"
| #define VERSION ""
| #define HAVE_STDIO_H 1
| #define HAVE_STDLIB_H 1
| #define HAVE_STRING_H 1
| #define HAVE_INTTYPES_H 1
| #define HAVE_STDINT_H 1
| #define HAVE_STRINGS_H 1
| #define HAVE_SYS_STAT_H 1
| #define HAVE_SYS_TYPES_H 1
| #define HAVE_UNISTD_H 1
| #define STDC_HEADERS 1
| #define HAVE_DLFCN_H 1
| #define LT_OBJDIR ".libs/"
| #define HAVE_ONIGURUMA 1
| #define HAVE_MEMMEM 1
| #define HAVE_MKSTEMP 1
| #define HAVE_ALLOCA_H 1
| #define HAVE_ALLOCA 1
| #define HAVE_ISATTY 1
| /* end confdefs.h.  */
| #include <io.h>
| int
| main (void)
| {
| _isatty(0)
|   ;
|   return 0;
| }
configure:15604: gcc -o conftest -fPIC -I/home/dwhitfield/DEV/encryption-core/pyjq-2.6.0/dependencies/onig_install/include   -L/home/dwhitfield/DEV/encryption-core/pyjq-2.6.0/dependencies/onig_install/lib conftest.c  -lc   -lonig >&5
conftest.c:29:10: fatal error: io.h: No such file or directory
   29 | #include <io.h>
      |          ^~~~~~
compilation terminated.
configure:15604: $? = 1
configure: failed program was:
| /* confdefs.h */
| #define PACKAGE_NAME "jq"
| #define PACKAGE_TARNAME "jq"
| #define PACKAGE_VERSION ""
| #define PACKAGE_STRING "jq "
| #define PACKAGE_BUGREPORT "https://github.com/stedolan/jq/issues"
| #define PACKAGE_URL "https://stedolan.github.io/jq"
| #define PACKAGE "jq"
| #define VERSION ""
| #define HAVE_STDIO_H 1
| #define HAVE_STDLIB_H 1
| #define HAVE_STRING_H 1
| #define HAVE_INTTYPES_H 1
| #define HAVE_STDINT_H 1
| #define HAVE_STRINGS_H 1
| #define HAVE_SYS_STAT_H 1
| #define HAVE_SYS_TYPES_H 1
| #define HAVE_UNISTD_H 1
| #define STDC_HEADERS 1
| #define HAVE_DLFCN_H 1
| #define LT_OBJDIR ".libs/"
| #define HAVE_ONIGURUMA 1
| #define HAVE_MEMMEM 1
| #define HAVE_MKSTEMP 1
| #define HAVE_ALLOCA_H 1
| #define HAVE_ALLOCA 1
| #define HAVE_ISATTY 1
| /* end confdefs.h.  */
| #include <io.h>
| int
| main (void)
| {
| _isatty(0)
|   ;
|   return 0;
| }
configure:15646: result: no
configure:15670: checking for strptime
configure:15699: gcc -o conftest -fPIC -I/home/dwhitfield/DEV/encryption-core/pyjq-2.6.0/dependencies/onig_install/include   -L/home/dwhitfield/DEV/encryption-core/pyjq-2.6.0/dependencies/onig_install/lib conftest.c     -lonig >&5
conftest.c: In function 'main':
conftest.c:33:1: warning: implicit declaration of function 'strptime'; did you mean 'strftime'? [-Wimplicit-function-declaration]
   33 | strptime(0, 0, 0)
      | ^~~~~~~~
      | strftime
configure:15699: $? = 0
configure:15735: result: yes
configure:15765: checking for strftime
configure:15794: gcc -o conftest -fPIC -I/home/dwhitfield/DEV/encryption-core/pyjq-2.6.0/dependencies/onig_install/include   -L/home/dwhitfield/DEV/encryption-core/pyjq-2.6.0/dependencies/onig_install/lib conftest.c     -lonig >&5
configure:15794: $? = 0
configure:15830: result: yes
configure:15860: checking for timegm
configure:15889: gcc -o conftest -fPIC -I/home/dwhitfield/DEV/encryption-core/pyjq-2.6.0/dependencies/onig_install/include   -L/home/dwhitfield/DEV/encryption-core/pyjq-2.6.0/dependencies/onig_install/lib conftest.c     -lonig >&5
configure:15889: $? = 0
configure:15925: result: yes
configure:15955: checking for gmtime_r
configure:15984: gcc -o conftest -fPIC -I/home/dwhitfield/DEV/encryption-core/pyjq-2.6.0/dependencies/onig_install/include   -L/home/dwhitfield/DEV/encryption-core/pyjq-2.6.0/dependencies/onig_install/lib conftest.c     -lonig >&5
configure:15984: $? = 0
configure:16020: result: yes
configure:16050: checking for gmtime
configure:16079: gcc -o conftest -fPIC -I/home/dwhitfield/DEV/encryption-core/pyjq-2.6.0/dependencies/onig_install/include   -L/home/dwhitfield/DEV/encryption-core/pyjq-2.6.0/dependencies/onig_install/lib conftest.c     -lonig >&5
configure:16079: $? = 0
configure:16115: result: yes
configure:16145: checking for gettimeofday
configure:16174: gcc -o conftest -fPIC -I/home/dwhitfield/DEV/encryption-core/pyjq-2.6.0/dependencies/onig_install/include   -L/home/dwhitfield/DEV/encryption-core/pyjq-2.6.0/dependencies/onig_install/lib conftest.c     -lonig >&5
conftest.c: In function 'main':
conftest.c:38:1: warning: implicit declaration of function 'gettimeofday' [-Wimplicit-function-declaration]
   38 | gettimeofday(0, 0)
      | ^~~~~~~~~~~~
configure:16174: $? = 0
configure:16210: result: yes
configure:16236: checking for struct tm.tm_gmtoff
configure:16236: gcc -c -fPIC -I/home/dwhitfield/DEV/encryption-core/pyjq-2.6.0/dependencies/onig_install/include  conftest.c >&5
configure:16236: $? = 0
configure:16236: result: yes
configure:16245: checking for struct tm.__tm_gmtoff
configure:16245: gcc -c -fPIC -I/home/dwhitfield/DEV/encryption-core/pyjq-2.6.0/dependencies/onig_install/include  conftest.c >&5
conftest.c: In function 'main':
conftest.c:42:13: error: 'struct tm' has no member named '__tm_gmtoff'; did you mean 'tm_gmtoff'?
   42 | if (ac_aggr.__tm_gmtoff)
      |             ^~~~~~~~~~~
      |             tm_gmtoff
configure:16245: $? = 1
configure: failed program was:
| /* confdefs.h */
| #define PACKAGE_NAME "jq"
| #define PACKAGE_TARNAME "jq"
| #define PACKAGE_VERSION ""
| #define PACKAGE_STRING "jq "
| #define PACKAGE_BUGREPORT "https://github.com/stedolan/jq/issues"
| #define PACKAGE_URL "https://stedolan.github.io/jq"
| #define PACKAGE "jq"
| #define VERSION ""
| #define HAVE_STDIO_H 1
| #define HAVE_STDLIB_H 1
| #define HAVE_STRING_H 1
| #define HAVE_INTTYPES_H 1
| #define HAVE_STDINT_H 1
| #define HAVE_STRINGS_H 1
| #define HAVE_SYS_STAT_H 1
| #define HAVE_SYS_TYPES_H 1
| #define HAVE_UNISTD_H 1
| #define STDC_HEADERS 1
| #define HAVE_DLFCN_H 1
| #define LT_OBJDIR ".libs/"
| #define HAVE_ONIGURUMA 1
| #define HAVE_MEMMEM 1
| #define HAVE_MKSTEMP 1
| #define HAVE_ALLOCA_H 1
| #define HAVE_ALLOCA 1
| #define HAVE_ISATTY 1
| #define HAVE_STRPTIME 1
| #define HAVE_STRFTIME 1
| #define HAVE_TIMEGM 1
| #define HAVE_GMTIME_R 1
| #define HAVE_GMTIME 1
| #define HAVE_GETTIMEOFDAY 1
| #define HAVE_TM_TM_GMT_OFF 1
| /* end confdefs.h.  */
| #include <time.h>
| 
| int
| main (void)
| {
| static struct tm ac_aggr;
| if (ac_aggr.__tm_gmtoff)
| return 0;
|   ;
|   return 0;
| }
configure:16245: gcc -c -fPIC -I/home/dwhitfield/DEV/encryption-core/pyjq-2.6.0/dependencies/onig_install/include  conftest.c >&5
conftest.c: In function 'main':
conftest.c:42:20: error: 'struct tm' has no member named '__tm_gmtoff'; did you mean 'tm_gmtoff'?
   42 | if (sizeof ac_aggr.__tm_gmtoff)
      |                    ^~~~~~~~~~~
      |                    tm_gmtoff
configure:16245: $? = 1
configure: failed program was:
| /* confdefs.h */
| #define PACKAGE_NAME "jq"
| #define PACKAGE_TARNAME "jq"
| #define PACKAGE_VERSION ""
| #define PACKAGE_STRING "jq "
| #define PACKAGE_BUGREPORT "https://github.com/stedolan/jq/issues"
| #define PACKAGE_URL "https://stedolan.github.io/jq"
| #define PACKAGE "jq"
| #define VERSION ""
| #define HAVE_STDIO_H 1
| #define HAVE_STDLIB_H 1
| #define HAVE_STRING_H 1
| #define HAVE_INTTYPES_H 1
| #define HAVE_STDINT_H 1
| #define HAVE_STRINGS_H 1
| #define HAVE_SYS_STAT_H 1
| #define HAVE_SYS_TYPES_H 1
| #define HAVE_UNISTD_H 1
| #define STDC_HEADERS 1
| #define HAVE_DLFCN_H 1
| #define LT_OBJDIR ".libs/"
| #define HAVE_ONIGURUMA 1
| #define HAVE_MEMMEM 1
| #define HAVE_MKSTEMP 1
| #define HAVE_ALLOCA_H 1
| #define HAVE_ALLOCA 1
| #define HAVE_ISATTY 1
| #define HAVE_STRPTIME 1
| #define HAVE_STRFTIME 1
| #define HAVE_TIMEGM 1
| #define HAVE_GMTIME_R 1
| #define HAVE_GMTIME 1
| #define HAVE_GETTIMEOFDAY 1
| #define HAVE_TM_TM_GMT_OFF 1
| /* end confdefs.h.  */
| #include <time.h>
| 
| int
| main (void)
| {
| static struct tm ac_aggr;
| if (sizeof ac_aggr.__tm_gmtoff)
| return 0;
|   ;
|   return 0;
| }
configure:16245: result: no
configure:16556: checking for acos
configure:16585: gcc -o conftest -fPIC -I/home/dwhitfield/DEV/encryption-core/pyjq-2.6.0/dependencies/onig_install/include   -L/home/dwhitfield/DEV/encryption-core/pyjq-2.6.0/dependencies/onig_install/lib conftest.c     -lonig >&5
configure:16585: $? = 0
configure:16621: result: yes
configure:16648: checking for acosh
configure:16677: gcc -o conftest -fPIC -I/home/dwhitfield/DEV/encryption-core/pyjq-2.6.0/dependencies/onig_install/include   -L/home/dwhitfield/DEV/encryption-core/pyjq-2.6.0/dependencies/onig_install/lib conftest.c     -lonig >&5
/bin/ld: /tmp/ccHbKrIY.o: in function `main':
conftest.c:(.text+0x11): undefined reference to `acosh'
collect2: error: ld returned 1 exit status
configure:16677: $? = 1
configure: failed program was:
| /* confdefs.h */
| #define PACKAGE_NAME "jq"
| #define PACKAGE_TARNAME "jq"
| #define PACKAGE_VERSION ""
| #define PACKAGE_STRING "jq "
| #define PACKAGE_BUGREPORT "https://github.com/stedolan/jq/issues"
| #define PACKAGE_URL "https://stedolan.github.io/jq"
| #define PACKAGE "jq"
| #define VERSION ""
| #define HAVE_STDIO_H 1
| #define HAVE_STDLIB_H 1
| #define HAVE_STRING_H 1
| #define HAVE_INTTYPES_H 1
| #define HAVE_STDINT_H 1
| #define HAVE_STRINGS_H 1
| #define HAVE_SYS_STAT_H 1
| #define HAVE_SYS_TYPES_H 1
| #define HAVE_UNISTD_H 1
| #define STDC_HEADERS 1
| #define HAVE_DLFCN_H 1
| #define LT_OBJDIR ".libs/"
| #define HAVE_ONIGURUMA 1
| #define HAVE_MEMMEM 1
| #define HAVE_MKSTEMP 1
| #define HAVE_ALLOCA_H 1
| #define HAVE_ALLOCA 1
| #define HAVE_ISATTY 1
| #define HAVE_STRPTIME 1
| #define HAVE_STRFTIME 1
| #define HAVE_TIMEGM 1
| #define HAVE_GMTIME_R 1
| #define HAVE_GMTIME 1
| #define HAVE_GETTIMEOFDAY 1
| #define HAVE_TM_TM_GMT_OFF 1
| #define HAVE_ACOS 1
| /* end confdefs.h.  */
| #include <math.h>
| int
| main (void)
| {
| acosh(.5)
|   ;
|   return 0;
| }
configure:16677: gcc -o conftest -fPIC -I/home/dwhitfield/DEV/encryption-core/pyjq-2.6.0/dependencies/onig_install/include   -L/home/dwhitfield/DEV/encryption-core/pyjq-2.6.0/dependencies/onig_install/lib conftest.c  -lm   -lonig >&5
configure:16677: $? = 0
configure:16729: result: yes, in -lm
configure:16740: checking for asin
configure:16769: gcc -o conftest -fPIC -I/home/dwhitfield/DEV/encryption-core/pyjq-2.6.0/dependencies/onig_install/include   -L/home/dwhitfield/DEV/encryption-core/pyjq-2.6.0/dependencies/onig_install/lib conftest.c     -lonig >&5
configure:16769: $? = 0
configure:16805: result: yes
configure:16832: checking for asinh
configure:16861: gcc -o conftest -fPIC -I/home/dwhitfield/DEV/encryption-core/pyjq-2.6.0/dependencies/onig_install/include   -L/home/dwhitfield/DEV/encryption-core/pyjq-2.6.0/dependencies/onig_install/lib conftest.c     -lonig >&5
configure:16861: $? = 0
configure:16897: result: yes
configure:16924: checking for atan
configure:16953: gcc -o conftest -fPIC -I/home/dwhitfield/DEV/encryption-core/pyjq-2.6.0/dependencies/onig_install/include   -L/home/dwhitfield/DEV/encryption-core/pyjq-2.6.0/dependencies/onig_install/lib conftest.c     -lonig >&5
configure:16953: $? = 0
configure:16989: result: yes
configure:17016: checking for atanh
configure:17045: gcc -o conftest -fPIC -I/home/dwhitfield/DEV/encryption-core/pyjq-2.6.0/dependencies/onig_install/include   -L/home/dwhitfield/DEV/encryption-core/pyjq-2.6.0/dependencies/onig_install/lib conftest.c     -lonig >&5
configure:17045: $? = 0
configure:17081: result: yes
configure:17108: checking for cbrt
configure:17137: gcc -o conftest -fPIC -I/home/dwhitfield/DEV/encryption-core/pyjq-2.6.0/dependencies/onig_install/include   -L/home/dwhitfield/DEV/encryption-core/pyjq-2.6.0/dependencies/onig_install/lib conftest.c     -lonig >&5
configure:17137: $? = 0
configure:17173: result: yes
configure:17200: checking for cos
configure:17229: gcc -o conftest -fPIC -I/home/dwhitfield/DEV/encryption-core/pyjq-2.6.0/dependencies/onig_install/include   -L/home/dwhitfield/DEV/encryption-core/pyjq-2.6.0/dependencies/onig_install/lib conftest.c     -lonig >&5
configure:17229: $? = 0
configure:17265: result: yes
configure:17292: checking for cosh
configure:17321: gcc -o conftest -fPIC -I/home/dwhitfield/DEV/encryption-core/pyjq-2.6.0/dependencies/onig_install/include   -L/home/dwhitfield/DEV/encryption-core/pyjq-2.6.0/dependencies/onig_install/lib conftest.c     -lonig >&5
configure:17321: $? = 0
configure:17357: result: yes
configure:17384: checking for exp2
configure:17413: gcc -o conftest -fPIC -I/home/dwhitfield/DEV/encryption-core/pyjq-2.6.0/dependencies/onig_install/include   -L/home/dwhitfield/DEV/encryption-core/pyjq-2.6.0/dependencies/onig_install/lib conftest.c     -lonig >&5
configure:17413: $? = 0
configure:17449: result: yes
configure:17476: checking for exp
configure:17505: gcc -o conftest -fPIC -I/home/dwhitfield/DEV/encryption-core/pyjq-2.6.0/dependencies/onig_install/include   -L/home/dwhitfield/DEV/encryption-core/pyjq-2.6.0/dependencies/onig_install/lib conftest.c     -lonig >&5
configure:17505: $? = 0
configure:17541: result: yes
configure:17568: checking for floor
configure:17597: gcc -o conftest -fPIC -I/home/dwhitfield/DEV/encryption-core/pyjq-2.6.0/dependencies/onig_install/include   -L/home/dwhitfield/DEV/encryption-core/pyjq-2.6.0/dependencies/onig_install/lib conftest.c     -lonig >&5
configure:17597: $? = 0
configure:17633: result: yes
configure:17660: checking for j0
configure:17689: gcc -o conftest -fPIC -I/home/dwhitfield/DEV/encryption-core/pyjq-2.6.0/dependencies/onig_install/include   -L/home/dwhitfield/DEV/encryption-core/pyjq-2.6.0/dependencies/onig_install/lib conftest.c     -lonig >&5
configure:17689: $? = 0
configure:17725: result: yes
configure:17752: checking for j1
configure:17781: gcc -o conftest -fPIC -I/home/dwhitfield/DEV/encryption-core/pyjq-2.6.0/dependencies/onig_install/include   -L/home/dwhitfield/DEV/encryption-core/pyjq-2.6.0/dependencies/onig_install/lib conftest.c     -lonig >&5
configure:17781: $? = 0
configure:17817: result: yes
configure:17844: checking for log10
configure:17873: gcc -o conftest -fPIC -I/home/dwhitfield/DEV/encryption-core/pyjq-2.6.0/dependencies/onig_install/include   -L/home/dwhitfield/DEV/encryption-core/pyjq-2.6.0/dependencies/onig_install/lib conftest.c     -lonig >&5
configure:17873: $? = 0
configure:17909: result: yes
configure:17936: checking for log2
configure:17965: gcc -o conftest -fPIC -I/home/dwhitfield/DEV/encryption-core/pyjq-2.6.0/dependencies/onig_install/include   -L/home/dwhitfield/DEV/encryption-core/pyjq-2.6.0/dependencies/onig_install/lib conftest.c     -lonig >&5
configure:17965: $? = 0
configure:18001: result: yes
configure:18028: checking for log
configure:18057: gcc -o conftest -fPIC -I/home/dwhitfield/DEV/encryption-core/pyjq-2.6.0/dependencies/onig_install/include   -L/home/dwhitfield/DEV/encryption-core/pyjq-2.6.0/dependencies/onig_install/lib conftest.c     -lonig >&5
configure:18057: $? = 0
configure:18093: result: yes
configure:18120: checking for sin
configure:18149: gcc -o conftest -fPIC -I/home/dwhitfield/DEV/encryption-core/pyjq-2.6.0/dependencies/onig_install/include   -L/home/dwhitfield/DEV/encryption-core/pyjq-2.6.0/dependencies/onig_install/lib conftest.c     -lonig >&5
configure:18149: $? = 0
configure:18185: result: yes
configure:18212: checking for sinh
configure:18241: gcc -o conftest -fPIC -I/home/dwhitfield/DEV/encryption-core/pyjq-2.6.0/dependencies/onig_install/include   -L/home/dwhitfield/DEV/encryption-core/pyjq-2.6.0/dependencies/onig_install/lib conftest.c     -lonig >&5
configure:18241: $? = 0
configure:18277: result: yes
configure:18304: checking for sqrt
configure:18333: gcc -o conftest -fPIC -I/home/dwhitfield/DEV/encryption-core/pyjq-2.6.0/dependencies/onig_install/include   -L/home/dwhitfield/DEV/encryption-core/pyjq-2.6.0/dependencies/onig_install/lib conftest.c     -lonig >&5
configure:18333: $? = 0
configure:18369: result: yes
configure:18396: checking for tan
configure:18425: gcc -o conftest -fPIC -I/home/dwhitfield/DEV/encryption-core/pyjq-2.6.0/dependencies/onig_install/include   -L/home/dwhitfield/DEV/encryption-core/pyjq-2.6.0/dependencies/onig_install/lib conftest.c     -lonig >&5
configure:18425: $? = 0
configure:18461: result: yes
configure:18488: checking for tanh
configure:18517: gcc -o conftest -fPIC -I/home/dwhitfield/DEV/encryption-core/pyjq-2.6.0/dependencies/onig_install/include   -L/home/dwhitfield/DEV/encryption-core/pyjq-2.6.0/dependencies/onig_install/lib conftest.c     -lonig >&5
configure:18517: $? = 0
configure:18553: result: yes
configure:18580: checking for tgamma
configure:18609: gcc -o conftest -fPIC -I/home/dwhitfield/DEV/encryption-core/pyjq-2.6.0/dependencies/onig_install/include   -L/home/dwhitfield/DEV/encryption-core/pyjq-2.6.0/dependencies/onig_install/lib conftest.c     -lonig >&5
configure:18609: $? = 0
configure:18645: result: yes
configure:18672: checking for y0
configure:18701: gcc -o conftest -fPIC -I/home/dwhitfield/DEV/encryption-core/pyjq-2.6.0/dependencies/onig_install/include   -L/home/dwhitfield/DEV/encryption-core/pyjq-2.6.0/dependencies/onig_install/lib conftest.c     -lonig >&5
configure:18701: $? = 0
configure:18737: result: yes
configure:18764: checking for y1
configure:18793: gcc -o conftest -fPIC -I/home/dwhitfield/DEV/encryption-core/pyjq-2.6.0/dependencies/onig_install/include   -L/home/dwhitfield/DEV/encryption-core/pyjq-2.6.0/dependencies/onig_install/lib conftest.c     -lonig >&5
configure:18793: $? = 0
configure:18829: result: yes
configure:18856: checking for pow
configure:18885: gcc -o conftest -fPIC -I/home/dwhitfield/DEV/encryption-core/pyjq-2.6.0/dependencies/onig_install/include   -L/home/dwhitfield/DEV/encryption-core/pyjq-2.6.0/dependencies/onig_install/lib conftest.c     -lonig >&5
configure:18885: $? = 0
configure:18921: result: yes
configure:18948: checking for atan2
configure:18977: gcc -o conftest -fPIC -I/home/dwhitfield/DEV/encryption-core/pyjq-2.6.0/dependencies/onig_install/include   -L/home/dwhitfield/DEV/encryption-core/pyjq-2.6.0/dependencies/onig_install/lib conftest.c     -lonig >&5
configure:18977: $? = 0
configure:19013: result: yes
configure:19040: checking for hypot
configure:19069: gcc -o conftest -fPIC -I/home/dwhitfield/DEV/encryption-core/pyjq-2.6.0/dependencies/onig_install/include   -L/home/dwhitfield/DEV/encryption-core/pyjq-2.6.0/dependencies/onig_install/lib conftest.c     -lonig >&5
configure:19069: $? = 0
configure:19105: result: yes
configure:19132: checking for remainder
configure:19161: gcc -o conftest -fPIC -I/home/dwhitfield/DEV/encryption-core/pyjq-2.6.0/dependencies/onig_install/include   -L/home/dwhitfield/DEV/encryption-core/pyjq-2.6.0/dependencies/onig_install/lib conftest.c     -lonig >&5
configure:19161: $? = 0
configure:19197: result: yes
configure:19222: checking for thread-local storage
configure:19231: gcc -o conftest -fPIC -I/home/dwhitfield/DEV/encryption-core/pyjq-2.6.0/dependencies/onig_install/include   -L/home/dwhitfield/DEV/encryption-core/pyjq-2.6.0/dependencies/onig_install/lib conftest.c  -lonig >&5
configure:19231: $? = 0
configure:19242: result: yes
configure:19245: checking whether byte ordering is bigendian
configure:19261: gcc -c -fPIC -I/home/dwhitfield/DEV/encryption-core/pyjq-2.6.0/dependencies/onig_install/include  conftest.c >&5
conftest.c:68:16: error: unknown type name 'not'
   68 |                not a universal capable compiler
      |                ^~~
conftest.c:68:22: error: expected '=', ',', ';', 'asm' or '__attribute__' before 'universal'
   68 |                not a universal capable compiler
      |                      ^~~~~~~~~
conftest.c:68:22: error: unknown type name 'universal'
configure:19261: $? = 1
configure: failed program was:
| /* confdefs.h */
| #define PACKAGE_NAME "jq"
| #define PACKAGE_TARNAME "jq"
| #define PACKAGE_VERSION ""
| #define PACKAGE_STRING "jq "
| #define PACKAGE_BUGREPORT "https://github.com/stedolan/jq/issues"
| #define PACKAGE_URL "https://stedolan.github.io/jq"
| #define PACKAGE "jq"
| #define VERSION ""
| #define HAVE_STDIO_H 1
| #define HAVE_STDLIB_H 1
| #define HAVE_STRING_H 1
| #define HAVE_INTTYPES_H 1
| #define HAVE_STDINT_H 1
| #define HAVE_STRINGS_H 1
| #define HAVE_SYS_STAT_H 1
| #define HAVE_SYS_TYPES_H 1
| #define HAVE_UNISTD_H 1
| #define STDC_HEADERS 1
| #define HAVE_DLFCN_H 1
| #define LT_OBJDIR ".libs/"
| #define HAVE_ONIGURUMA 1
| #define HAVE_MEMMEM 1
| #define HAVE_MKSTEMP 1
| #define HAVE_ALLOCA_H 1
| #define HAVE_ALLOCA 1
| #define HAVE_ISATTY 1
| #define HAVE_STRPTIME 1
| #define HAVE_STRFTIME 1
| #define HAVE_TIMEGM 1
| #define HAVE_GMTIME_R 1
| #define HAVE_GMTIME 1
| #define HAVE_GETTIMEOFDAY 1
| #define HAVE_TM_TM_GMT_OFF 1
| #define HAVE_ACOS 1
| #define HAVE_ACOSH 1
| #define HAVE_LIBM 1
| #define HAVE_ASIN 1
| #define HAVE_ASINH 1
| #define HAVE_ATAN 1
| #define HAVE_ATANH 1
| #define HAVE_CBRT 1
| #define HAVE_COS 1
| #define HAVE_COSH 1
| #define HAVE_EXP2 1
| #define HAVE_EXP 1
| #define HAVE_FLOOR 1
| #define HAVE_J0 1
| #define HAVE_J1 1
| #define HAVE_LOG10 1
| #define HAVE_LOG2 1
| #define HAVE_LOG 1
| #define HAVE_SIN 1
| #define HAVE_SINH 1
| #define HAVE_SQRT 1
| #define HAVE_TAN 1
| #define HAVE_TANH 1
| #define HAVE_TGAMMA 1
| #define HAVE_Y0 1
| #define HAVE_Y1 1
| #define HAVE_POW 1
| #define HAVE_ATAN2 1
| #define HAVE_HYPOT 1
| #define HAVE_REMAINDER 1
| #define HAVE___THREAD 1
| /* end confdefs.h.  */
| #ifndef __APPLE_CC__
| 	       not a universal capable compiler
| 	     #endif
| 	     typedef int dummy;
| 
configure:19307: gcc -c -fPIC -I/home/dwhitfield/DEV/encryption-core/pyjq-2.6.0/dependencies/onig_install/include  conftest.c >&5
configure:19307: $? = 0
configure:19326: gcc -c -fPIC -I/home/dwhitfield/DEV/encryption-core/pyjq-2.6.0/dependencies/onig_install/include  conftest.c >&5
conftest.c: In function 'main':
conftest.c:74:18: error: unknown type name 'not'; did you mean 'ino_t'?
   74 |                  not big endian
      |                  ^~~
      |                  ino_t
conftest.c:74:26: error: expected '=', ',', ';', 'asm' or '__attribute__' before 'endian'
   74 |                  not big endian
      |                          ^~~~~~
configure:19326: $? = 1
configure: failed program was:
| /* confdefs.h */
| #define PACKAGE_NAME "jq"
| #define PACKAGE_TARNAME "jq"
| #define PACKAGE_VERSION ""
| #define PACKAGE_STRING "jq "
| #define PACKAGE_BUGREPORT "https://github.com/stedolan/jq/issues"
| #define PACKAGE_URL "https://stedolan.github.io/jq"
| #define PACKAGE "jq"
| #define VERSION ""
| #define HAVE_STDIO_H 1
| #define HAVE_STDLIB_H 1
| #define HAVE_STRING_H 1
| #define HAVE_INTTYPES_H 1
| #define HAVE_STDINT_H 1
| #define HAVE_STRINGS_H 1
| #define HAVE_SYS_STAT_H 1
| #define HAVE_SYS_TYPES_H 1
| #define HAVE_UNISTD_H 1
| #define STDC_HEADERS 1
| #define HAVE_DLFCN_H 1
| #define LT_OBJDIR ".libs/"
| #define HAVE_ONIGURUMA 1
| #define HAVE_MEMMEM 1
| #define HAVE_MKSTEMP 1
| #define HAVE_ALLOCA_H 1
| #define HAVE_ALLOCA 1
| #define HAVE_ISATTY 1
| #define HAVE_STRPTIME 1
| #define HAVE_STRFTIME 1
| #define HAVE_TIMEGM 1
| #define HAVE_GMTIME_R 1
| #define HAVE_GMTIME 1
| #define HAVE_GETTIMEOFDAY 1
| #define HAVE_TM_TM_GMT_OFF 1
| #define HAVE_ACOS 1
| #define HAVE_ACOSH 1
| #define HAVE_LIBM 1
| #define HAVE_ASIN 1
| #define HAVE_ASINH 1
| #define HAVE_ATAN 1
| #define HAVE_ATANH 1
| #define HAVE_CBRT 1
| #define HAVE_COS 1
| #define HAVE_COSH 1
| #define HAVE_EXP2 1
| #define HAVE_EXP 1
| #define HAVE_FLOOR 1
| #define HAVE_J0 1
| #define HAVE_J1 1
| #define HAVE_LOG10 1
| #define HAVE_LOG2 1
| #define HAVE_LOG 1
| #define HAVE_SIN 1
| #define HAVE_SINH 1
| #define HAVE_SQRT 1
| #define HAVE_TAN 1
| #define HAVE_TANH 1
| #define HAVE_TGAMMA 1
| #define HAVE_Y0 1
| #define HAVE_Y1 1
| #define HAVE_POW 1
| #define HAVE_ATAN2 1
| #define HAVE_HYPOT 1
| #define HAVE_REMAINDER 1
| #define HAVE___THREAD 1
| /* end confdefs.h.  */
| #include <sys/types.h>
| 		#include <sys/param.h>
| 
| int
| main (void)
| {
| #if BYTE_ORDER != BIG_ENDIAN
| 		 not big endian
| 		#endif
| 
|   ;
|   return 0;
| }
configure:19460: result: no
configure:19623: checking that generated files are newer than configure
configure:19629: result: done
configure:19680: creating ./config.status

## ---------------------- ##
## Running config.status. ##
## ---------------------- ##

This file was extended by jq config.status , which was
generated by GNU Autoconf 2.71.  Invocation command line was

  CONFIG_FILES    = 
  CONFIG_HEADERS  = 
  CONFIG_LINKS    = 
  CONFIG_COMMANDS = 
  $ ./config.status 

on darrion-aspires7392

config.status:1076: creating Makefile
config.status:1248: executing depfiles commands
config.status:1325: cd .       && sed -e '/# am--include-marker/d' Makefile         | make -f - am--depfiles
config.status:1330: $? = 0
config.status:1248: executing libtool commands

## ---------------- ##
## Cache variables. ##
## ---------------- ##

ac_cv_build=x86_64-unknown-linux-gnu
ac_cv_c_bigendian=no
ac_cv_c_compiler_gnu=yes
ac_cv_env_CC_set=
ac_cv_env_CC_value=
ac_cv_env_CFLAGS_set=set
ac_cv_env_CFLAGS_value=-fPIC
ac_cv_env_CPPFLAGS_set=
ac_cv_env_CPPFLAGS_value=
ac_cv_env_CPP_set=
ac_cv_env_CPP_value=
ac_cv_env_LDFLAGS_set=
ac_cv_env_LDFLAGS_value=
ac_cv_env_LIBS_set=
ac_cv_env_LIBS_value=
ac_cv_env_LT_SYS_LIBRARY_PATH_set=
ac_cv_env_LT_SYS_LIBRARY_PATH_value=
ac_cv_env_YACC_set=
ac_cv_env_YACC_value=
ac_cv_env_YFLAGS_set=
ac_cv_env_YFLAGS_value=
ac_cv_env_build_alias_set=
ac_cv_env_build_alias_value=
ac_cv_env_host_alias_set=
ac_cv_env_host_alias_value=
ac_cv_env_target_alias_set=
ac_cv_env_target_alias_value=
ac_cv_func__isatty=no
ac_cv_func_acos=yes
ac_cv_func_acosh=yes
ac_cv_func_alloca_works=yes
ac_cv_func_asin=yes
ac_cv_func_asinh=yes
ac_cv_func_atan2=yes
ac_cv_func_atan=yes
ac_cv_func_atanh=yes
ac_cv_func_cbrt=yes
ac_cv_func_cos=yes
ac_cv_func_cosh=yes
ac_cv_func_exp2=yes
ac_cv_func_exp=yes
ac_cv_func_floor=yes
ac_cv_func_gettimeofday=yes
ac_cv_func_gmtime=yes
ac_cv_func_gmtime_r=yes
ac_cv_func_hypot=yes
ac_cv_func_isatty=yes
ac_cv_func_j0=yes
ac_cv_func_j1=yes
ac_cv_func_log10=yes
ac_cv_func_log2=yes
ac_cv_func_log=yes
ac_cv_func_memmem=yes
ac_cv_func_mkstemp=yes
ac_cv_func_pow=yes
ac_cv_func_remainder=yes
ac_cv_func_sin=yes
ac_cv_func_sinh=yes
ac_cv_func_sqrt=yes
ac_cv_func_strftime=yes
ac_cv_func_strptime=yes
ac_cv_func_tan=yes
ac_cv_func_tanh=yes
ac_cv_func_tgamma=yes
ac_cv_func_timegm=yes
ac_cv_func_y0=yes
ac_cv_func_y1=yes
ac_cv_funclib__isatty=no
ac_cv_funclib_acos=yes
ac_cv_funclib_acosh=-lm
ac_cv_funclib_asin=yes
ac_cv_funclib_asinh=yes
ac_cv_funclib_atan2=yes
ac_cv_funclib_atan=yes
ac_cv_funclib_atanh=yes
ac_cv_funclib_cbrt=yes
ac_cv_funclib_cos=yes
ac_cv_funclib_cosh=yes
ac_cv_funclib_exp2=yes
ac_cv_funclib_exp=yes
ac_cv_funclib_floor=yes
ac_cv_funclib_gettimeofday=yes
ac_cv_funclib_gmtime=yes
ac_cv_funclib_gmtime_r=yes
ac_cv_funclib_hypot=yes
ac_cv_funclib_isatty=yes
ac_cv_funclib_j0=yes
ac_cv_funclib_j1=yes
ac_cv_funclib_log10=yes
ac_cv_funclib_log2=yes
ac_cv_funclib_log=yes
ac_cv_funclib_pow=yes
ac_cv_funclib_remainder=yes
ac_cv_funclib_sin=yes
ac_cv_funclib_sinh=yes
ac_cv_funclib_sqrt=yes
ac_cv_funclib_strftime=yes
ac_cv_funclib_strptime=yes
ac_cv_funclib_tan=yes
ac_cv_funclib_tanh=yes
ac_cv_funclib_tgamma=yes
ac_cv_funclib_timegm=yes
ac_cv_funclib_y0=yes
ac_cv_funclib_y1=yes
ac_cv_header_dlfcn_h=yes
ac_cv_header_inttypes_h=yes
ac_cv_header_oniguruma_h=yes
ac_cv_header_stdint_h=yes
ac_cv_header_stdio_h=yes
ac_cv_header_stdlib_h=yes
ac_cv_header_string_h=yes
ac_cv_header_strings_h=yes
ac_cv_header_sys_stat_h=yes
ac_cv_header_sys_types_h=yes
ac_cv_header_unistd_h=yes
ac_cv_host=x86_64-unknown-linux-gnu
ac_cv_lib_m=yes
ac_cv_lib_onig_onig_version=yes
ac_cv_member_struct_tm___tm_gmtoff=no
ac_cv_member_struct_tm_tm_gmtoff=yes
ac_cv_objext=o
ac_cv_path_EGREP='/bin/grep -E'
ac_cv_path_FGREP='/bin/grep -F'
ac_cv_path_GREP=/bin/grep
ac_cv_path_SED=/bin/sed
ac_cv_path_install='/bin/install -c'
ac_cv_path_lt_DD=/bin/dd
ac_cv_path_mkdir=/bin/mkdir
ac_cv_prog_AWK=gawk
ac_cv_prog_CPP='gcc -E'
ac_cv_prog_YACC='bison -y'
ac_cv_prog_ac_ct_AR=ar
ac_cv_prog_ac_ct_CC=gcc
ac_cv_prog_ac_ct_FILECMD=file
ac_cv_prog_ac_ct_OBJDUMP=objdump
ac_cv_prog_ac_ct_RANLIB=ranlib
ac_cv_prog_ac_ct_STRIP=strip
ac_cv_prog_bundle_cmd=bundle
ac_cv_prog_cc_c11=
ac_cv_prog_cc_g=yes
ac_cv_prog_cc_stdc=
ac_cv_prog_make_make_set=yes
ac_cv_type_size_t=yes
ac_cv_working_alloca_h=yes
am_cv_CC_dependencies_compiler_type=gcc3
am_cv_ar_interface=ar
am_cv_make_support_nested_variables=yes
am_cv_prog_cc_c_o=yes
jq_cv_ruby_deps=no
lt_cv_ar_at_file=@
lt_cv_deplibs_check_method=pass_all
lt_cv_file_magic_cmd='$MAGIC_CMD'
lt_cv_file_magic_test_file=
lt_cv_ld_reload_flag=-r
lt_cv_nm_interface='BSD nm'
lt_cv_objdir=.libs
lt_cv_path_LD=/bin/ld
lt_cv_path_NM='/bin/nm -B'
lt_cv_path_mainfest_tool=no
lt_cv_prog_compiler_c_o=yes
lt_cv_prog_compiler_pic='-fPIC -DPIC'
lt_cv_prog_compiler_pic_works=yes
lt_cv_prog_compiler_rtti_exceptions=no
lt_cv_prog_compiler_static_works=yes
lt_cv_prog_gnu_ld=yes
lt_cv_sharedlib_from_linklib_cmd='printf %s\n'
lt_cv_shlibpath_overrides_runpath=no
lt_cv_sys_global_symbol_pipe='/bin/sed -n -e '\''s/^.*[	 ]\([ABCDGIRSTW][ABCDGIRSTW]*\)[	 ][	 ]*\([_A-Za-z][_A-Za-z0-9]*\)$/\1 \2 \2/p'\'' | /bin/sed '\''/ __gnu_lto/d'\'''
lt_cv_sys_global_symbol_to_c_name_address='/bin/sed -n -e '\''s/^: \(.*\) .*$/  {"\1", (void *) 0},/p'\'' -e '\''s/^[ABCDGIRSTW][ABCDGIRSTW]* .* \(.*\)$/  {"\1", (void *) \&\1},/p'\'''
lt_cv_sys_global_symbol_to_c_name_address_lib_prefix='/bin/sed -n -e '\''s/^: \(.*\) .*$/  {"\1", (void *) 0},/p'\'' -e '\''s/^[ABCDGIRSTW][ABCDGIRSTW]* .* \(lib.*\)$/  {"\1", (void *) \&\1},/p'\'' -e '\''s/^[ABCDGIRSTW][ABCDGIRSTW]* .* \(.*\)$/  {"lib\1", (void *) \&\1},/p'\'''
lt_cv_sys_global_symbol_to_cdecl='/bin/sed -n -e '\''s/^T .* \(.*\)$/extern int \1();/p'\'' -e '\''s/^[ABCDGIRSTW][ABCDGIRSTW]* .* \(.*\)$/extern char \1;/p'\'''
lt_cv_sys_global_symbol_to_import=
lt_cv_sys_max_cmd_len=1572864
lt_cv_to_host_file_cmd=func_convert_file_noop
lt_cv_to_tool_file_cmd=func_convert_file_noop
lt_cv_truncate_bin='/bin/dd bs=4096 count=1'

## ----------------- ##
## Output variables. ##
## ----------------- ##

ACLOCAL='${SHELL} '\''/home/dwhitfield/DEV/encryption-core/pyjq-2.6.0/dependencies/jq-jq-1.5/config/missing'\'' aclocal-1.16'
ALLOCA=''
AMDEPBACKSLASH='\'
AMDEP_FALSE='#'
AMDEP_TRUE=''
AMTAR='$${TAR-tar}'
AM_BACKSLASH='\'
AM_DEFAULT_V='$(AM_DEFAULT_VERBOSITY)'
AM_DEFAULT_VERBOSITY='0'
AM_V='$(V)'
AR='ar'
AS='as'
AUTOCONF='${SHELL} '\''/home/dwhitfield/DEV/encryption-core/pyjq-2.6.0/dependencies/jq-jq-1.5/config/missing'\'' autoconf'
AUTOHEADER='${SHELL} '\''/home/dwhitfield/DEV/encryption-core/pyjq-2.6.0/dependencies/jq-jq-1.5/config/missing'\'' autoheader'
AUTOMAKE='${SHELL} '\''/home/dwhitfield/DEV/encryption-core/pyjq-2.6.0/dependencies/jq-jq-1.5/config/missing'\'' automake-1.16'
AWK='gawk'
BISON_VERSION=''
BUNDLER='bundle'
CC='gcc'
CCDEPMODE='depmode=gcc3'
CFLAGS='-fPIC -I/home/dwhitfield/DEV/encryption-core/pyjq-2.6.0/dependencies/onig_install/include'
CPP='gcc -E'
CPPFLAGS=''
CSCOPE='cscope'
CTAGS='ctags'
CYGPATH_W='echo'
DEFS='-DPACKAGE_NAME=\"jq\" -DPACKAGE_TARNAME=\"jq\" -DPACKAGE_VERSION=\"\" -DPACKAGE_STRING=\"jq\ \" -DPACKAGE_BUGREPORT=\"https://github.com/stedolan/jq/issues\" -DPACKAGE_URL=\"https://stedolan.github.io/jq\" -DPACKAGE=\"jq\" -DVERSION=\"\" -DHAVE_STDIO_H=1 -DHAVE_STDLIB_H=1 -DHAVE_STRING_H=1 -DHAVE_INTTYPES_H=1 -DHAVE_STDINT_H=1 -DHAVE_STRINGS_H=1 -DHAVE_SYS_STAT_H=1 -DHAVE_SYS_TYPES_H=1 -DHAVE_UNISTD_H=1 -DSTDC_HEADERS=1 -DHAVE_DLFCN_H=1 -DLT_OBJDIR=\".libs/\" -DHAVE_ONIGURUMA=1 -DHAVE_MEMMEM=1 -DHAVE_MKSTEMP=1 -DHAVE_ALLOCA_H=1 -DHAVE_ALLOCA=1 -DHAVE_ISATTY=1 -DHAVE_STRPTIME=1 -DHAVE_STRFTIME=1 -DHAVE_TIMEGM=1 -DHAVE_GMTIME_R=1 -DHAVE_GMTIME=1 -DHAVE_GETTIMEOFDAY=1 -DHAVE_TM_TM_GMT_OFF=1 -DHAVE_ACOS=1 -DHAVE_ACOSH=1 -DHAVE_LIBM=1 -DHAVE_ASIN=1 -DHAVE_ASINH=1 -DHAVE_ATAN=1 -DHAVE_ATANH=1 -DHAVE_CBRT=1 -DHAVE_COS=1 -DHAVE_COSH=1 -DHAVE_EXP2=1 -DHAVE_EXP=1 -DHAVE_FLOOR=1 -DHAVE_J0=1 -DHAVE_J1=1 -DHAVE_LOG10=1 -DHAVE_LOG2=1 -DHAVE_LOG=1 -DHAVE_SIN=1 -DHAVE_SINH=1 -DHAVE_SQRT=1 -DHAVE_TAN=1 -DHAVE_TANH=1 -DHAVE_TGAMMA=1 -DHAVE_Y0=1 -DHAVE_Y1=1 -DHAVE_POW=1 -DHAVE_ATAN2=1 -DHAVE_HYPOT=1 -DHAVE_REMAINDER=1 -DHAVE___THREAD=1 -DIEEE_8087=1'
DEPDIR='.deps'
DLLTOOL='false'
DSYMUTIL=''
DUMPBIN=''
ECHO_C=''
ECHO_N='-n'
ECHO_T=''
EGREP='/bin/grep -E'
ENABLE_ALL_STATIC_FALSE='#'
ENABLE_ALL_STATIC_TRUE=''
ENABLE_DOCS_FALSE=''
ENABLE_DOCS_TRUE='#'
ENABLE_ERROR_INJECTION_FALSE=''
ENABLE_ERROR_INJECTION_TRUE='#'
ENABLE_GCOV_FALSE=''
ENABLE_GCOV_TRUE='#'
ENABLE_VALGRIND_FALSE='#'
ENABLE_VALGRIND_TRUE=''
ETAGS='etags'
EXEEXT=''
FGREP='/bin/grep -F'
FILECMD='file'
GREP='/bin/grep'
INSTALL_DATA='${INSTALL} -m 644'
INSTALL_PROGRAM='${INSTALL}'
INSTALL_SCRIPT='${INSTALL}'
INSTALL_STRIP_PROGRAM='$(install_sh) -c -s'
LD='/bin/ld -m elf_x86_64'
LDFLAGS=' -L/home/dwhitfield/DEV/encryption-core/pyjq-2.6.0/dependencies/onig_install/lib'
LEX=''
LEXLIB=''
LEX_OUTPUT_ROOT=''
LIBOBJS=''
LIBS=' -lonig'
LIBTOOL='$(SHELL) $(top_builddir)/libtool'
LIB__isatty=''
LIB_acos=''
LIB_acosh='-lm'
LIB_asin=''
LIB_asinh=''
LIB_atan2=''
LIB_atan=''
LIB_atanh=''
LIB_atexit=''
LIB_cbrt=''
LIB_cos=''
LIB_cosh=''
LIB_exp2=''
LIB_exp=''
LIB_floor=''
LIB_gettimeofday=''
LIB_gmtime=''
LIB_gmtime_r=''
LIB_hypot=''
LIB_isatty=''
LIB_j0=''
LIB_j1=''
LIB_log10=''
LIB_log2=''
LIB_log=''
LIB_pow=''
LIB_pthread_key_create=''
LIB_pthread_once=''
LIB_remainder=''
LIB_sin=''
LIB_sinh=''
LIB_sqrt=''
LIB_strftime=''
LIB_strptime=''
LIB_tan=''
LIB_tanh=''
LIB_tgamma=''
LIB_timegm=''
LIB_y0=''
LIB_y1=''
LIPO=''
LN_S='ln -s'
LTLIBOBJS=''
LT_SYS_LIBRARY_PATH=''
MAINT='#'
MAINTAINER_MODE_FALSE=''
MAINTAINER_MODE_TRUE='#'
MAKEINFO='${SHELL} '\''/home/dwhitfield/DEV/encryption-core/pyjq-2.6.0/dependencies/jq-jq-1.5/config/missing'\'' makeinfo'
MANIFEST_TOOL=':'
MKDIR_P='/bin/mkdir -p'
NM='/bin/nm -B'
NMEDIT=''
OBJDUMP='objdump'
OBJEXT='o'
OTOOL64=''
OTOOL=''
PACKAGE='jq'
PACKAGE_BUGREPORT='https://github.com/stedolan/jq/issues'
PACKAGE_NAME='jq'
PACKAGE_STRING='jq '
PACKAGE_TARNAME='jq'
PACKAGE_URL='https://stedolan.github.io/jq'
PACKAGE_VERSION=''
PATH_SEPARATOR=':'
RANLIB='ranlib'
SED='/bin/sed'
SET_MAKE=''
SHELL='/bin/sh'
STRIP='strip'
VERSION=''
YACC='bison -y'
YFLAGS=''
ac_ct_AR='ar'
ac_ct_CC='gcc'
ac_ct_DUMPBIN=''
am__EXEEXT_FALSE=''
am__EXEEXT_TRUE='#'
am__fastdepCC_FALSE='#'
am__fastdepCC_TRUE=''
am__include='include'
am__isrc=''
am__leading_dot='.'
am__nodep='_no'
am__quote=''
am__tar='$${TAR-tar} chof - "$$tardir"'
am__untar='$${TAR-tar} xf -'
bindir='${exec_prefix}/bin'
build='x86_64-unknown-linux-gnu'
build_alias=''
build_cpu='x86_64'
build_os='linux-gnu'
build_vendor='unknown'
bundle_cmd='bundle'
datadir='${datarootdir}'
datarootdir='${prefix}/share'
docdir='${datarootdir}/doc/${PACKAGE_TARNAME}'
dvidir='${docdir}'
exec_prefix='${prefix}'
host='x86_64-unknown-linux-gnu'
host_alias=''
host_cpu='x86_64'
host_os='linux-gnu'
host_vendor='unknown'
htmldir='${docdir}'
includedir='${prefix}/include'
infodir='${datarootdir}/info'
install_sh='${SHELL} /home/dwhitfield/DEV/encryption-core/pyjq-2.6.0/dependencies/jq-jq-1.5/config/install-sh'
libdir='${exec_prefix}/lib'
libexecdir='${exec_prefix}/libexec'
localedir='${datarootdir}/locale'
localstatedir='${prefix}/var'
mandir='${datarootdir}/man'
mkdir_p='$(MKDIR_P)'
oldincludedir='/usr/include'
pdfdir='${docdir}'
prefix='/home/dwhitfield/DEV/encryption-core/pyjq-2.6.0/dependencies/jq_install'
program_transform_name='s,x,x,'
psdir='${docdir}'
runstatedir='${localstatedir}/run'
sbindir='${exec_prefix}/sbin'
sharedstatedir='${prefix}/com'
sysconfdir='${prefix}/etc'
target_alias=''
valgrind_cmd=''

## ----------- ##
## confdefs.h. ##
## ----------- ##

/* confdefs.h */
#define PACKAGE_NAME "jq"
#define PACKAGE_TARNAME "jq"
#define PACKAGE_VERSION ""
#define PACKAGE_STRING "jq "
#define PACKAGE_BUGREPORT "https://github.com/stedolan/jq/issues"
#define PACKAGE_URL "https://stedolan.github.io/jq"
#define PACKAGE "jq"
#define VERSION ""
#define HAVE_STDIO_H 1
#define HAVE_STDLIB_H 1
#define HAVE_STRING_H 1
#define HAVE_INTTYPES_H 1
#define HAVE_STDINT_H 1
#define HAVE_STRINGS_H 1
#define HAVE_SYS_STAT_H 1
#define HAVE_SYS_TYPES_H 1
#define HAVE_UNISTD_H 1
#define STDC_HEADERS 1
#define HAVE_DLFCN_H 1
#define LT_OBJDIR ".libs/"
#define HAVE_ONIGURUMA 1
#define HAVE_MEMMEM 1
#define HAVE_MKSTEMP 1
#define HAVE_ALLOCA_H 1
#define HAVE_ALLOCA 1
#define HAVE_ISATTY 1
#define HAVE_STRPTIME 1
#define HAVE_STRFTIME 1
#define HAVE_TIMEGM 1
#define HAVE_GMTIME_R 1
#define HAVE_GMTIME 1
#define HAVE_GETTIMEOFDAY 1
#define HAVE_TM_TM_GMT_OFF 1
#define HAVE_ACOS 1
#define HAVE_ACOSH 1
#define HAVE_LIBM 1
#define HAVE_ASIN 1
#define HAVE_ASINH 1
#define HAVE_ATAN 1
#define HAVE_ATANH 1
#define HAVE_CBRT 1
#define HAVE_COS 1
#define HAVE_COSH 1
#define HAVE_EXP2 1
#define HAVE_EXP 1
#define HAVE_FLOOR 1
#define HAVE_J0 1
#define HAVE_J1 1
#define HAVE_LOG10 1
#define HAVE_LOG2 1
#define HAVE_LOG 1
#define HAVE_SIN 1
#define HAVE_SINH 1
#define HAVE_SQRT 1
#define HAVE_TAN 1
#define HAVE_TANH 1
#define HAVE_TGAMMA 1
#define HAVE_Y0 1
#define HAVE_Y1 1
#define HAVE_POW 1
#define HAVE_ATAN2 1
#define HAVE_HYPOT 1
#define HAVE_REMAINDER 1
#define HAVE___THREAD 1
#define IEEE_8087 1

configure: exit 0
